<?xml version="1.0" encoding="UTF-8"?>
<!-- Generated by org.testng.reporters.JUnitXMLReporter -->
<testsuite ignored="0" hostname="PARITOSHs-MacBook-Air.local" failures="1" tests="7" name="Test" time="0.055" errors="0" timestamp="07 Aug 2021 02:05:50 GMT">
  <testcase classname="tests.testing1" name="Test1" time="0.006"/>
  <testcase classname="tests.testing1" name="f" time="0.001"/>
  <testcase classname="tests.testing1" name="f" time="0.001"/>
  <testcase classname="tests.testing2" name="f" time="0.002"/>
  <testcase classname="tests.testing3" name="createUser" time="0.003"/>
  <testcase classname="tests.testing3" name="editUser" time="0.002">
    <failure type="java.lang.AssertionError" message="The following asserts failed:
	verifying element expected [true] but found [false]">
      <![CDATA[java.lang.AssertionError: The following asserts failed:
verifying element expected [true] but found [false]
at tests.testing3.editUser(testing3.java:22)
... Removed 26 stack frames]]>
    </failure>
  </testcase> <!-- editUser -->
  <testcase classname="tests.testing3" name="deletuser" time="0.0">
    <skipped/>
  </testcase> <!-- deletuser -->
</testsuite> <!-- Test -->
