<?xml version="1.0" encoding="UTF-8"?>
<testng-results ignored="0" total="7" passed="5" failed="1" skipped="1">
  <reporter-output>
  </reporter-output>
  <suite started-at="2021-08-07T02:05:49Z" name="Suite" finished-at="2021-08-07T02:05:49Z" duration-ms="55">
    <groups>
      <group name="smoke">
        <method signature="testing3.createUser()[pri:1, instance:tests.testing3@17a7f733]" name="createUser" class="tests.testing3"/>
        <method signature="testing3.editUser()[pri:2, instance:tests.testing3@17a7f733]" name="editUser" class="tests.testing3"/>
        <method signature="testing1.Test1()[pri:0, instance:tests.testing1@5609159b]" name="Test1" class="tests.testing1"/>
      </group> <!-- smoke -->
      <group name="sanity">
        <method signature="testing3.createUser()[pri:1, instance:tests.testing3@17a7f733]" name="createUser" class="tests.testing3"/>
      </group> <!-- sanity -->
    </groups>
    <test started-at="2021-08-07T02:05:49Z" name="Test" finished-at="2021-08-07T02:05:49Z" duration-ms="55">
      <class name="tests.testing1">
        <test-method is-config="true" signature="beforeSuite()[pri:0, instance:tests.testing1@5609159b]" started-at="2021-08-07T02:05:49Z" name="beforeSuite" finished-at="2021-08-07T02:05:49Z" duration-ms="8" status="PASS">
          <reporter-output>
          </reporter-output>
        </test-method> <!-- beforeSuite -->
        <test-method is-config="true" signature="beforeTest()[pri:0, instance:tests.testing1@5609159b]" started-at="2021-08-07T02:05:49Z" name="beforeTest" finished-at="2021-08-07T02:05:49Z" duration-ms="0" status="PASS">
          <reporter-output>
          </reporter-output>
        </test-method> <!-- beforeTest -->
        <test-method is-config="true" signature="beforeClass()[pri:0, instance:tests.testing1@5609159b]" started-at="2021-08-07T02:05:49Z" name="beforeClass" finished-at="2021-08-07T02:05:49Z" duration-ms="0" status="PASS">
          <reporter-output>
          </reporter-output>
        </test-method> <!-- beforeClass -->
        <test-method is-config="true" signature="beforeMethod()[pri:0, instance:tests.testing1@5609159b]" started-at="2021-08-07T02:05:49Z" name="beforeMethod" finished-at="2021-08-07T02:05:49Z" duration-ms="0" status="PASS">
          <reporter-output>
          </reporter-output>
        </test-method> <!-- beforeMethod -->
        <test-method signature="Test1()[pri:0, instance:tests.testing1@5609159b]" started-at="2021-08-07T02:05:49Z" name="Test1" finished-at="2021-08-07T02:05:49Z" duration-ms="6" status="PASS">
          <reporter-output>
          </reporter-output>
        </test-method> <!-- Test1 -->
        <test-method is-config="true" signature="afterMethod()[pri:0, instance:tests.testing1@5609159b]" started-at="2021-08-07T02:05:49Z" name="afterMethod" finished-at="2021-08-07T02:05:49Z" duration-ms="1" status="PASS">
          <reporter-output>
          </reporter-output>
        </test-method> <!-- afterMethod -->
        <test-method is-config="true" signature="beforeMethod()[pri:0, instance:tests.testing1@5609159b]" started-at="2021-08-07T02:05:49Z" name="beforeMethod" finished-at="2021-08-07T02:05:49Z" duration-ms="0" status="PASS">
          <reporter-output>
          </reporter-output>
        </test-method> <!-- beforeMethod -->
        <test-method signature="f(java.lang.Integer, java.lang.String)[pri:0, instance:tests.testing1@5609159b]" started-at="2021-08-07T02:05:49Z" name="f" data-provider="dp" finished-at="2021-08-07T02:05:49Z" duration-ms="1" status="PASS">
          <params>
            <param index="0">
              <value>
                <![CDATA[1]]>
              </value>
            </param>
            <param index="1">
              <value>
                <![CDATA[a]]>
              </value>
            </param>
          </params>
          <reporter-output>
          </reporter-output>
        </test-method> <!-- f -->
        <test-method is-config="true" signature="afterMethod()[pri:0, instance:tests.testing1@5609159b]" started-at="2021-08-07T02:05:49Z" name="afterMethod" finished-at="2021-08-07T02:05:49Z" duration-ms="1" status="PASS">
          <reporter-output>
          </reporter-output>
        </test-method> <!-- afterMethod -->
        <test-method is-config="true" signature="beforeMethod()[pri:0, instance:tests.testing1@5609159b]" started-at="2021-08-07T02:05:49Z" name="beforeMethod" finished-at="2021-08-07T02:05:49Z" duration-ms="0" status="PASS">
          <reporter-output>
          </reporter-output>
        </test-method> <!-- beforeMethod -->
        <test-method signature="f(java.lang.Integer, java.lang.String)[pri:0, instance:tests.testing1@5609159b]" started-at="2021-08-07T02:05:49Z" name="f" data-provider="dp" finished-at="2021-08-07T02:05:49Z" duration-ms="1" status="PASS">
          <params>
            <param index="0">
              <value>
                <![CDATA[2]]>
              </value>
            </param>
            <param index="1">
              <value>
                <![CDATA[b]]>
              </value>
            </param>
          </params>
          <reporter-output>
          </reporter-output>
        </test-method> <!-- f -->
        <test-method is-config="true" signature="afterClass()[pri:0, instance:tests.testing1@5609159b]" started-at="2021-08-07T02:05:49Z" name="afterClass" finished-at="2021-08-07T02:05:49Z" duration-ms="0" status="PASS">
          <reporter-output>
          </reporter-output>
        </test-method> <!-- afterClass -->
        <test-method is-config="true" signature="afterMethod()[pri:0, instance:tests.testing1@5609159b]" started-at="2021-08-07T02:05:49Z" name="afterMethod" finished-at="2021-08-07T02:05:49Z" duration-ms="0" status="PASS">
          <reporter-output>
          </reporter-output>
        </test-method> <!-- afterMethod -->
        <test-method is-config="true" signature="afterTest()[pri:0, instance:tests.testing1@5609159b]" started-at="2021-08-07T02:05:49Z" name="afterTest" finished-at="2021-08-07T02:05:49Z" duration-ms="1" status="PASS">
          <reporter-output>
          </reporter-output>
        </test-method> <!-- afterTest -->
        <test-method is-config="true" signature="afterSuite()[pri:0, instance:tests.testing1@5609159b]" started-at="2021-08-07T02:05:50Z" name="afterSuite" finished-at="2021-08-07T02:05:50Z" duration-ms="1" status="PASS">
          <reporter-output>
          </reporter-output>
        </test-method> <!-- afterSuite -->
      </class> <!-- tests.testing1 -->
      <class name="tests.testing2">
        <test-method signature="f()[pri:0, instance:tests.testing2@2118cddf]" started-at="2021-08-07T02:05:49Z" name="f" finished-at="2021-08-07T02:05:49Z" duration-ms="2" status="PASS">
          <reporter-output>
          </reporter-output>
        </test-method> <!-- f -->
      </class> <!-- tests.testing2 -->
      <class name="tests.testing3">
        <test-method signature="createUser()[pri:1, instance:tests.testing3@17a7f733]" started-at="2021-08-07T02:05:49Z" name="createUser" finished-at="2021-08-07T02:05:49Z" duration-ms="3" status="PASS">
          <reporter-output>
          </reporter-output>
        </test-method> <!-- createUser -->
        <test-method signature="editUser()[pri:2, instance:tests.testing3@17a7f733]" started-at="2021-08-07T02:05:49Z" name="editUser" finished-at="2021-08-07T02:05:49Z" depends-on-methods="tests.testing3.createUser" duration-ms="2" status="FAIL">
          <exception class="java.lang.AssertionError">
            <message>
              <![CDATA[The following asserts failed:
verifying element expected [true] but found [false]]]>
            </message>
            <full-stacktrace>
              <![CDATA[java.lang.AssertionError: The following asserts failed:
verifying element expected [true] but found [false]
at org.testng.asserts.SoftAssert.assertAll(SoftAssert.java:43)
at tests.testing3.editUser(testing3.java:22)
at java.base/jdk.internal.reflect.NativeMethodAccessorImpl.invoke0(Native Method)
at java.base/jdk.internal.reflect.NativeMethodAccessorImpl.invoke(NativeMethodAccessorImpl.java:78)
at java.base/jdk.internal.reflect.DelegatingMethodAccessorImpl.invoke(DelegatingMethodAccessorImpl.java:43)
at java.base/java.lang.reflect.Method.invoke(Method.java:567)
at org.testng.internal.MethodInvocationHelper.invokeMethod(MethodInvocationHelper.java:124)
at org.testng.internal.Invoker.invokeMethod(Invoker.java:583)
at org.testng.internal.Invoker.invokeTestMethod(Invoker.java:719)
at org.testng.internal.Invoker.invokeTestMethods(Invoker.java:989)
at org.testng.internal.TestMethodWorker.invokeTestMethods(TestMethodWorker.java:125)
at org.testng.internal.TestMethodWorker.run(TestMethodWorker.java:109)
at org.testng.TestRunner.privateRun(TestRunner.java:648)
at org.testng.TestRunner.run(TestRunner.java:505)
at org.testng.SuiteRunner.runTest(SuiteRunner.java:455)
at org.testng.SuiteRunner.runSequentially(SuiteRunner.java:450)
at org.testng.SuiteRunner.privateRun(SuiteRunner.java:415)
at org.testng.SuiteRunner.run(SuiteRunner.java:364)
at org.testng.SuiteRunnerWorker.runSuite(SuiteRunnerWorker.java:52)
at org.testng.SuiteRunnerWorker.run(SuiteRunnerWorker.java:84)
at org.testng.TestNG.runSuitesSequentially(TestNG.java:1208)
at org.testng.TestNG.runSuitesLocally(TestNG.java:1137)
at org.testng.TestNG.runSuites(TestNG.java:1049)
at org.testng.TestNG.run(TestNG.java:1017)
at org.testng.remote.AbstractRemoteTestNG.run(AbstractRemoteTestNG.java:115)
at org.testng.remote.RemoteTestNG.initAndRun(RemoteTestNG.java:251)
at org.testng.remote.RemoteTestNG.main(RemoteTestNG.java:77)
]]>
            </full-stacktrace>
          </exception> <!-- java.lang.AssertionError -->
          <reporter-output>
          </reporter-output>
        </test-method> <!-- editUser -->
        <test-method signature="deletuser()[pri:3, instance:tests.testing3@17a7f733]" started-at="2021-08-07T02:05:49Z" name="deletuser" finished-at="2021-08-07T02:05:49Z" depends-on-methods="tests.testing3.editUser" duration-ms="0" status="SKIP">
          <exception class="java.lang.Throwable">
            <message>
              <![CDATA[Method testing3.deletuser()[pri:3, instance:tests.testing3@17a7f733] depends on not successfully finished methods]]>
            </message>
            <full-stacktrace>
              <![CDATA[java.lang.Throwable: Method testing3.deletuser()[pri:3, instance:tests.testing3@17a7f733] depends on not successfully finished methods
at org.testng.internal.Invoker.invokeTestMethods(Invoker.java:888)
at org.testng.internal.TestMethodWorker.invokeTestMethods(TestMethodWorker.java:125)
at org.testng.internal.TestMethodWorker.run(TestMethodWorker.java:109)
at org.testng.TestRunner.privateRun(TestRunner.java:648)
at org.testng.TestRunner.run(TestRunner.java:505)
at org.testng.SuiteRunner.runTest(SuiteRunner.java:455)
at org.testng.SuiteRunner.runSequentially(SuiteRunner.java:450)
at org.testng.SuiteRunner.privateRun(SuiteRunner.java:415)
at org.testng.SuiteRunner.run(SuiteRunner.java:364)
at org.testng.SuiteRunnerWorker.runSuite(SuiteRunnerWorker.java:52)
at org.testng.SuiteRunnerWorker.run(SuiteRunnerWorker.java:84)
at org.testng.TestNG.runSuitesSequentially(TestNG.java:1208)
at org.testng.TestNG.runSuitesLocally(TestNG.java:1137)
at org.testng.TestNG.runSuites(TestNG.java:1049)
at org.testng.TestNG.run(TestNG.java:1017)
at org.testng.remote.AbstractRemoteTestNG.run(AbstractRemoteTestNG.java:115)
at org.testng.remote.RemoteTestNG.initAndRun(RemoteTestNG.java:251)
at org.testng.remote.RemoteTestNG.main(RemoteTestNG.java:77)
]]>
            </full-stacktrace>
          </exception> <!-- java.lang.Throwable -->
          <reporter-output>
          </reporter-output>
        </test-method> <!-- deletuser -->
      </class> <!-- tests.testing3 -->
    </test> <!-- Test -->
  </suite> <!-- Suite -->
</testng-results>
